<?xml version="1.0" encoding="UTF-8"?>
<!-- Generated by org.testng.reporters.JUnitXMLReporter -->
<testsuite ignored="1" hostname="LAPTOP-Q1B3GL3I" failures="0" tests="1" name="mercury-travels-automation" time="56.344" errors="0" timestamp="25 Feb 2024 01:27:08 GMT">
  <testcase classname="mercuryTravels.qa.testcases.SeatBookingPageTest" name="clickOnFlights" time="52.722"/>
  <testcase classname="mercuryTravels.qa.testcases.SeatBookingPageTest" name="validateSeatPricing" time="0.0">
    <ignored/>
  </testcase> <!-- validateSeatPricing -->
</testsuite> <!-- mercury-travels-automation -->
