<?xml version="1.0" encoding="UTF-8"?>
<!-- Generated by org.testng.reporters.JUnitXMLReporter -->
<testsuite ignored="0" hostname="LAPTOP-T0GNIEM2" failures="0" tests="15" name="Test Cases" time="228.193" errors="0" timestamp="25 Feb 2024 06:23:48 GMT">
  <testcase classname="mercuryTravels.qa.testcases.LoginPageTest" name="invalidPassword" time="6.339"/>
  <testcase classname="mercuryTravels.qa.testcases.LoginPageTest" name="invalidUsername" time="2.355"/>
  <testcase classname="mercuryTravels.qa.testcases.LoginPageTest" name="loginPageTest" time="0.294"/>
  <testcase classname="mercuryTravels.qa.testcases.LoginPageTest" name="loginPageTitleTest" time="0.02"/>
  <testcase classname="mercuryTravels.qa.testcases.LoginPageTest" name="loginWithoutAnyDetails" time="0.738"/>
  <testcase classname="mercuryTravels.qa.testcases.LoginPageTest" name="validUsernameAndValidPassword" time="7.596"/>
  <testcase classname="mercuryTravels.qa.testcases.SearchAllDetailsPageTest" name="flightSearch" time="26.059"/>
  <testcase classname="mercuryTravels.qa.testcases.SearchAllDetailsPageTest" name="selectDifferentTypeOfSeat" time="7.941"/>
  <testcase classname="mercuryTravels.qa.testcases.SearchAllDetailsPageTest" name="validateBookingButton" time="14.144"/>
  <testcase classname="mercuryTravels.qa.testcases.SearchAllDetailsPageTest" name="validateCityName" time="9.37"/>
  <testcase classname="mercuryTravels.qa.testcases.SearchAllDetailsPageTest" name="validateFlightName" time="13.196"/>
  <testcase classname="mercuryTravels.qa.testcases.FlightsAllFieldValidationPageTest" name="validateDifferentTypeOfSeat" time="12.104"/>
  <testcase classname="mercuryTravels.qa.testcases.FlightsAllFieldValidationPageTest" name="validateFlightField" time="3.501"/>
  <testcase classname="mercuryTravels.qa.testcases.SeatBookingPageTest" name="clickOnFlights" time="34.335"/>
  <testcase classname="mercuryTravels.qa.testcases.SeatBookingPageTest" name="validateSeatPricing" time="39.149"/>
</testsuite> <!-- Test Cases -->
